<?xml version='1.0' encoding='UTF-8'?>
<testsuite hostname="Colins-Mac-mini.fios-router.home" name="com.learnvest.challenge.SampleScalaTest" tests="1" errors="0" failures="1" skipped="0" time="0.053">
                     <properties>
[...]
</properties>
                     <testcase classname="com.learnvest.challenge.SampleScalaTest" name="A sample test" time="0.053">
                                                 <failure message="Map(EquityTranche(50000.0) -&gt; List(EquityTrancheOutput(0.0), EquityTrancheOutput(0.0), EquityTrancheOutput(0.0), EquityTrancheOutput(0.0), EquityTrancheOutput(0.0), EquityTrancheOutput(0.0), EquityTrancheOutput(0.0), EquityTrancheOutput(0.0), EquityTrancheOutput(0.0), EquityTrancheOutput(0.0), EquityTrancheOutput(0.0), EquityTrancheOutput(0.0), EquityTrancheOutput(0.0), EquityTrancheOutput(0.0), EquityTrancheOutput(0.0), EquityTrancheOutput(0.0), EquityTrancheOutput(0.0), EquityTrancheOutput(0.0), EquityTrancheOutput(0.0), EquityTrancheOutput(0.0), EquityTrancheOutput(0.0), EquityTrancheOutput(0.0), EquityTrancheOutput(0.0), EquityTrancheOutput(0.0), EquityTrancheOutput(0.0)), DebtTranche(100000.0,0.05) -&gt; List(DebtTrancheOutput(100000.0,5000.0,77905.25861033279,27094.741389667208), DebtTrancheOutput(100000.0,5000.0,5000.0,100000.0), DebtTrancheOutput(100000.0,5000.0,5000.0,100000.0), DebtTrancheOutput(100000.0,5000.0,5000.0,100000.0), DebtTrancheOutput(27094.741389667208,5000.0,32094.741389667208,0.0), DebtTrancheOutput(100000.0,5000.0,34108.92459720488,70891.07540279512), DebtTrancheOutput(100000.0,5000.0,5000.0,100000.0), DebtTrancheOutput(100000.0,5000.0,5000.0,100000.0), DebtTrancheOutput(0.0,5000.0,5000.0,0.0), DebtTrancheOutput(70891.07540279512,5000.0,47443.754001082016,28447.321401713103), DebtTrancheOutput(100000.0,5000.0,5000.0,100000.0), DebtTrancheOutput(100000.0,5000.0,5000.0,100000.0), DebtTrancheOutput(0.0,5000.0,5000.0,0.0), DebtTrancheOutput(28447.321401713103,5000.0,33447.3214017131,0.0), DebtTrancheOutput(100000.0,5000.0,7666.5983999961245,97333.40160000388), DebtTrancheOutput(100000.0,5000.0,5000.0,100000.0), DebtTrancheOutput(0.0,5000.0,5000.0,0.0), DebtTrancheOutput(0.0,5000.0,5000.0,0.0), DebtTrancheOutput(97333.40160000388,5000.0,26790.822821964386,75542.57877803949), DebtTrancheOutput(100000.0,5000.0,5000.0,100000.0), DebtTrancheOutput(0.0,5000.0,5000.0,0.0), DebtTrancheOutput(0.0,5000.0,5000.0,0.0), DebtTrancheOutput(75542.57877803949,5000.0,19124.23548117903,61418.34329686046), DebtTrancheOutput(100000.0,5000.0,5000.0,100000.0), DebtTrancheOutput(0.0,5000.0,5000.0,0.0), DebtTrancheOutput(0.0,5000.0,5000.0,0.0), DebtTrancheOutput(61418.34329686046,5000.0,12824.48539873911,53593.85789812135), DebtTrancheOutput(100000.0,5000.0,5000.0,100000.0), DebtTrancheOutput(0.0,5000.0,5000.0,0.0), DebtTrancheOutput(0.0,5000.0,5000.0,0.0), DebtTrancheOutput(53593.85789812135,5000.0,7652.0467358746355,50941.81116224671), DebtTrancheOutput(100000.0,5000.0,5000.0,100000.0), DebtTrancheOutput(0.0,5000.0,3408.913681895312,0.0), DebtTrancheOutput(0.0,5000.0,3408.913681895312,0.0), DebtTrancheOutput(50941.81116224671,5000.0,3408.913681895312,50941.81116224671), DebtTrancheOutput(100000.0,5000.0,3408.913681895312,100000.0), DebtTrancheOutput(0.0,5000.0,0.0,0.0), DebtTrancheOutput(0.0,5000.0,0.0,0.0), DebtTrancheOutput(50941.81116224671,5000.0,0.0,50941.81116224671), DebtTrancheOutput(100000.0,5000.0,0.0,100000.0), DebtTrancheOutput(0.0,5000.0,0.0,0.0), DebtTrancheOutput(0.0,5000.0,0.0,0.0), DebtTrancheOutput(50941.81116224671,5000.0,0.0,50941.81116224671), DebtTrancheOutput(100000.0,5000.0,0.0,100000.0), DebtTrancheOutput(0.0,5000.0,0.0,0.0), DebtTrancheOutput(0.0,5000.0,0.0,0.0), DebtTrancheOutput(50941.81116224671,5000.0,0.0,50941.81116224671), DebtTrancheOutput(100000.0,5000.0,0.0,100000.0), DebtTrancheOutput(0.0,5000.0,0.0,0.0), DebtTrancheOutput(0.0,5000.0,0.0,0.0), DebtTrancheOutput(50941.81116224671,5000.0,0.0,50941.81116224671), DebtTrancheOutput(100000.0,5000.0,0.0,100000.0), DebtTrancheOutput(0.0,5000.0,0.0,0.0), DebtTrancheOutput(0.0,5000.0,0.0,0.0), DebtTrancheOutput(50941.81116224671,5000.0,0.0,50941.81116224671), DebtTrancheOutput(100000.0,5000.0,0.0,100000.0), DebtTrancheOutput(0.0,5000.0,0.0,0.0), DebtTrancheOutput(0.0,5000.0,0.0,0.0), DebtTrancheOutput(50941.81116224671,5000.0,0.0,50941.81116224671), DebtTrancheOutput(100000.0,5000.0,0.0,100000.0), DebtTrancheOutput(0.0,5000.0,0.0,0.0), DebtTrancheOutput(0.0,5000.0,0.0,0.0), DebtTrancheOutput(50941.81116224671,5000.0,0.0,50941.81116224671), DebtTrancheOutput(100000.0,5000.0,0.0,100000.0), DebtTrancheOutput(0.0,5000.0,0.0,0.0), DebtTrancheOutput(0.0,5000.0,0.0,0.0), DebtTrancheOutput(50941.81116224671,5000.0,0.0,50941.81116224671), DebtTrancheOutput(100000.0,5000.0,0.0,100000.0), DebtTrancheOutput(0.0,5000.0,0.0,0.0), DebtTrancheOutput(0.0,5000.0,0.0,0.0), DebtTrancheOutput(50941.81116224671,5000.0,0.0,50941.81116224671), DebtTrancheOutput(100000.0,5000.0,0.0,100000.0), DebtTrancheOutput(0.0,5000.0,0.0,0.0), DebtTrancheOutput(0.0,5000.0,0.0,0.0), DebtTrancheOutput(50941.81116224671,5000.0,0.0,50941.81116224671), DebtTrancheOutput(100000.0,5000.0,0.0,100000.0), DebtTrancheOutput(0.0,5000.0,0.0,0.0), DebtTrancheOutput(0.0,5000.0,0.0,0.0), DebtTrancheOutput(50941.81116224671,5000.0,0.0,50941.81116224671), DebtTrancheOutput(100000.0,5000.0,0.0,100000.0), DebtTrancheOutput(0.0,5000.0,0.0,0.0), DebtTrancheOutput(0.0,5000.0,0.0,0.0), DebtTrancheOutput(50941.81116224671,5000.0,0.0,50941.81116224671), DebtTrancheOutput(100000.0,5000.0,0.0,100000.0), DebtTrancheOutput(0.0,5000.0,0.0,0.0), DebtTrancheOutput(0.0,5000.0,0.0,0.0), DebtTrancheOutput(50941.81116224671,5000.0,0.0,50941.81116224671), DebtTrancheOutput(100000.0,5000.0,0.0,100000.0), DebtTrancheOutput(0.0,5000.0,0.0,0.0), DebtTrancheOutput(0.0,5000.0,0.0,0.0), DebtTrancheOutput(50941.81116224671,5000.0,0.0,50941.81116224671), DebtTrancheOutput(100000.0,5000.0,0.0,100000.0), DebtTrancheOutput(0.0,5000.0,0.0,0.0), DebtTrancheOutput(0.0,5000.0,0.0,0.0), DebtTrancheOutput(50941.81116224671,5000.0,0.0,50941.81116224671), DebtTrancheOutput(100000.0,5000.0,0.0,100000.0), DebtTrancheOutput(0.0,5000.0,0.0,0.0), DebtTrancheOutput(0.0,5000.0,0.0,0.0), DebtTrancheOutput(50941.81116224671,5000.0,0.0,50941.81116224671), DebtTrancheOutput(100000.0,5000.0,0.0,100000.0))) was not empty" type="org.scalatest.exceptions.TestFailedException">org.scalatest.exceptions.TestFailedException: Map(EquityTranche(50000.0) -&gt; List(EquityTrancheOutput(0.0), EquityTrancheOutput(0.0), EquityTrancheOutput(0.0), EquityTrancheOutput(0.0), EquityTrancheOutput(0.0), EquityTrancheOutput(0.0), EquityTrancheOutput(0.0), EquityTrancheOutput(0.0), EquityTrancheOutput(0.0), EquityTrancheOutput(0.0), EquityTrancheOutput(0.0), EquityTrancheOutput(0.0), EquityTrancheOutput(0.0), EquityTrancheOutput(0.0), EquityTrancheOutput(0.0), EquityTrancheOutput(0.0), EquityTrancheOutput(0.0), EquityTrancheOutput(0.0), EquityTrancheOutput(0.0), EquityTrancheOutput(0.0), EquityTrancheOutput(0.0), EquityTrancheOutput(0.0), EquityTrancheOutput(0.0), EquityTrancheOutput(0.0), EquityTrancheOutput(0.0)), DebtTranche(100000.0,0.05) -&gt; List(DebtTrancheOutput(100000.0,5000.0,77905.25861033279,27094.741389667208), DebtTrancheOutput(100000.0,5000.0,5000.0,100000.0), DebtTrancheOutput(100000.0,5000.0,5000.0,100000.0), DebtTrancheOutput(100000.0,5000.0,5000.0,100000.0), DebtTrancheOutput(27094.741389667208,5000.0,32094.741389667208,0.0), DebtTrancheOutput(100000.0,5000.0,34108.92459720488,70891.07540279512), DebtTrancheOutput(100000.0,5000.0,5000.0,100000.0), DebtTrancheOutput(100000.0,5000.0,5000.0,100000.0), DebtTrancheOutput(0.0,5000.0,5000.0,0.0), DebtTrancheOutput(70891.07540279512,5000.0,47443.754001082016,28447.321401713103), DebtTrancheOutput(100000.0,5000.0,5000.0,100000.0), DebtTrancheOutput(100000.0,5000.0,5000.0,100000.0), DebtTrancheOutput(0.0,5000.0,5000.0,0.0), DebtTrancheOutput(28447.321401713103,5000.0,33447.3214017131,0.0), DebtTrancheOutput(100000.0,5000.0,7666.5983999961245,97333.40160000388), DebtTrancheOutput(100000.0,5000.0,5000.0,100000.0), DebtTrancheOutput(0.0,5000.0,5000.0,0.0), DebtTrancheOutput(0.0,5000.0,5000.0,0.0), DebtTrancheOutput(97333.40160000388,5000.0,26790.822821964386,75542.57877803949), DebtTrancheOutput(100000.0,5000.0,5000.0,100000.0), DebtTrancheOutput(0.0,5000.0,5000.0,0.0), DebtTrancheOutput(0.0,5000.0,5000.0,0.0), DebtTrancheOutput(75542.57877803949,5000.0,19124.23548117903,61418.34329686046), DebtTrancheOutput(100000.0,5000.0,5000.0,100000.0), DebtTrancheOutput(0.0,5000.0,5000.0,0.0), DebtTrancheOutput(0.0,5000.0,5000.0,0.0), DebtTrancheOutput(61418.34329686046,5000.0,12824.48539873911,53593.85789812135), DebtTrancheOutput(100000.0,5000.0,5000.0,100000.0), DebtTrancheOutput(0.0,5000.0,5000.0,0.0), DebtTrancheOutput(0.0,5000.0,5000.0,0.0), DebtTrancheOutput(53593.85789812135,5000.0,7652.0467358746355,50941.81116224671), DebtTrancheOutput(100000.0,5000.0,5000.0,100000.0), DebtTrancheOutput(0.0,5000.0,3408.913681895312,0.0), DebtTrancheOutput(0.0,5000.0,3408.913681895312,0.0), DebtTrancheOutput(50941.81116224671,5000.0,3408.913681895312,50941.81116224671), DebtTrancheOutput(100000.0,5000.0,3408.913681895312,100000.0), DebtTrancheOutput(0.0,5000.0,0.0,0.0), DebtTrancheOutput(0.0,5000.0,0.0,0.0), DebtTrancheOutput(50941.81116224671,5000.0,0.0,50941.81116224671), DebtTrancheOutput(100000.0,5000.0,0.0,100000.0), DebtTrancheOutput(0.0,5000.0,0.0,0.0), DebtTrancheOutput(0.0,5000.0,0.0,0.0), DebtTrancheOutput(50941.81116224671,5000.0,0.0,50941.81116224671), DebtTrancheOutput(100000.0,5000.0,0.0,100000.0), DebtTrancheOutput(0.0,5000.0,0.0,0.0), DebtTrancheOutput(0.0,5000.0,0.0,0.0), DebtTrancheOutput(50941.81116224671,5000.0,0.0,50941.81116224671), DebtTrancheOutput(100000.0,5000.0,0.0,100000.0), DebtTrancheOutput(0.0,5000.0,0.0,0.0), DebtTrancheOutput(0.0,5000.0,0.0,0.0), DebtTrancheOutput(50941.81116224671,5000.0,0.0,50941.81116224671), DebtTrancheOutput(100000.0,5000.0,0.0,100000.0), DebtTrancheOutput(0.0,5000.0,0.0,0.0), DebtTrancheOutput(0.0,5000.0,0.0,0.0), DebtTrancheOutput(50941.81116224671,5000.0,0.0,50941.81116224671), DebtTrancheOutput(100000.0,5000.0,0.0,100000.0), DebtTrancheOutput(0.0,5000.0,0.0,0.0), DebtTrancheOutput(0.0,5000.0,0.0,0.0), DebtTrancheOutput(50941.81116224671,5000.0,0.0,50941.81116224671), DebtTrancheOutput(100000.0,5000.0,0.0,100000.0), DebtTrancheOutput(0.0,5000.0,0.0,0.0), DebtTrancheOutput(0.0,5000.0,0.0,0.0), DebtTrancheOutput(50941.81116224671,5000.0,0.0,50941.81116224671), DebtTrancheOutput(100000.0,5000.0,0.0,100000.0), DebtTrancheOutput(0.0,5000.0,0.0,0.0), DebtTrancheOutput(0.0,5000.0,0.0,0.0), DebtTrancheOutput(50941.81116224671,5000.0,0.0,50941.81116224671), DebtTrancheOutput(100000.0,5000.0,0.0,100000.0), DebtTrancheOutput(0.0,5000.0,0.0,0.0), DebtTrancheOutput(0.0,5000.0,0.0,0.0), DebtTrancheOutput(50941.81116224671,5000.0,0.0,50941.81116224671), DebtTrancheOutput(100000.0,5000.0,0.0,100000.0), DebtTrancheOutput(0.0,5000.0,0.0,0.0), DebtTrancheOutput(0.0,5000.0,0.0,0.0), DebtTrancheOutput(50941.81116224671,5000.0,0.0,50941.81116224671), DebtTrancheOutput(100000.0,5000.0,0.0,100000.0), DebtTrancheOutput(0.0,5000.0,0.0,0.0), DebtTrancheOutput(0.0,5000.0,0.0,0.0), DebtTrancheOutput(50941.81116224671,5000.0,0.0,50941.81116224671), DebtTrancheOutput(100000.0,5000.0,0.0,100000.0), DebtTrancheOutput(0.0,5000.0,0.0,0.0), DebtTrancheOutput(0.0,5000.0,0.0,0.0), DebtTrancheOutput(50941.81116224671,5000.0,0.0,50941.81116224671), DebtTrancheOutput(100000.0,5000.0,0.0,100000.0), DebtTrancheOutput(0.0,5000.0,0.0,0.0), DebtTrancheOutput(0.0,5000.0,0.0,0.0), DebtTrancheOutput(50941.81116224671,5000.0,0.0,50941.81116224671), DebtTrancheOutput(100000.0,5000.0,0.0,100000.0), DebtTrancheOutput(0.0,5000.0,0.0,0.0), DebtTrancheOutput(0.0,5000.0,0.0,0.0), DebtTrancheOutput(50941.81116224671,5000.0,0.0,50941.81116224671), DebtTrancheOutput(100000.0,5000.0,0.0,100000.0), DebtTrancheOutput(0.0,5000.0,0.0,0.0), DebtTrancheOutput(0.0,5000.0,0.0,0.0), DebtTrancheOutput(50941.81116224671,5000.0,0.0,50941.81116224671), DebtTrancheOutput(100000.0,5000.0,0.0,100000.0), DebtTrancheOutput(0.0,5000.0,0.0,0.0), DebtTrancheOutput(0.0,5000.0,0.0,0.0), DebtTrancheOutput(50941.81116224671,5000.0,0.0,50941.81116224671), DebtTrancheOutput(100000.0,5000.0,0.0,100000.0))) was not empty
	at org.scalatest.Assertions.newAssertionFailedException(Assertions.scala:528)
	at org.scalatest.Assertions.newAssertionFailedException$(Assertions.scala:527)
	at org.scalatest.FunSuite.newAssertionFailedException(FunSuite.scala:1560)
	at org.scalatest.Assertions$AssertionsHelper.macroAssert(Assertions.scala:501)
	at com.learnvest.challenge.SampleScalaTest.$anonfun$new$1(SampleScalaTest.scala:21)
	at org.scalatest.OutcomeOf.outcomeOf(OutcomeOf.scala:85)
	at org.scalatest.OutcomeOf.outcomeOf$(OutcomeOf.scala:83)
	at org.scalatest.OutcomeOf$.outcomeOf(OutcomeOf.scala:104)
	at org.scalatest.Transformer.apply(Transformer.scala:22)
	at org.scalatest.Transformer.apply(Transformer.scala:20)
	at org.scalatest.FunSuiteLike$$anon$1.apply(FunSuiteLike.scala:186)
	at org.scalatest.TestSuite.withFixture(TestSuite.scala:196)
	at org.scalatest.TestSuite.withFixture$(TestSuite.scala:195)
	at org.scalatest.FunSuite.withFixture(FunSuite.scala:1560)
	at org.scalatest.FunSuiteLike.invokeWithFixture$1(FunSuiteLike.scala:184)
	at org.scalatest.FunSuiteLike.$anonfun$runTest$1(FunSuiteLike.scala:196)
	at org.scalatest.SuperEngine.runTestImpl(Engine.scala:289)
	at org.scalatest.FunSuiteLike.runTest(FunSuiteLike.scala:196)
	at org.scalatest.FunSuiteLike.runTest$(FunSuiteLike.scala:178)
	at org.scalatest.FunSuite.runTest(FunSuite.scala:1560)
	at org.scalatest.FunSuiteLike.$anonfun$runTests$1(FunSuiteLike.scala:229)
	at org.scalatest.SuperEngine.$anonfun$runTestsInBranch$1(Engine.scala:396)
	at scala.collection.immutable.List.foreach(List.scala:389)
	at org.scalatest.SuperEngine.traverseSubNodes$1(Engine.scala:384)
	at org.scalatest.SuperEngine.runTestsInBranch(Engine.scala:379)
	at org.scalatest.SuperEngine.runTestsImpl(Engine.scala:461)
	at org.scalatest.FunSuiteLike.runTests(FunSuiteLike.scala:229)
	at org.scalatest.FunSuiteLike.runTests$(FunSuiteLike.scala:228)
	at org.scalatest.FunSuite.runTests(FunSuite.scala:1560)
	at org.scalatest.Suite.run(Suite.scala:1147)
	at org.scalatest.Suite.run$(Suite.scala:1129)
	at org.scalatest.FunSuite.org$scalatest$FunSuiteLike$$super$run(FunSuite.scala:1560)
	at org.scalatest.FunSuiteLike.$anonfun$run$1(FunSuiteLike.scala:233)
	at org.scalatest.SuperEngine.runImpl(Engine.scala:521)
	at org.scalatest.FunSuiteLike.run(FunSuiteLike.scala:233)
	at org.scalatest.FunSuiteLike.run$(FunSuiteLike.scala:232)
	at org.scalatest.FunSuite.run(FunSuite.scala:1560)
	at org.scalatest.tools.Framework.org$scalatest$tools$Framework$$runSuite(Framework.scala:314)
	at org.scalatest.tools.Framework$ScalaTestTask.execute(Framework.scala:507)
	at sbt.TestRunner.runTest$1(TestFramework.scala:106)
	at sbt.TestRunner.run(TestFramework.scala:117)
	at sbt.TestFramework$$anon$2$$anonfun$$lessinit$greater$1.$anonfun$apply$1(TestFramework.scala:262)
	at sbt.TestFramework$.sbt$TestFramework$$withContextLoader(TestFramework.scala:233)
	at sbt.TestFramework$$anon$2$$anonfun$$lessinit$greater$1.apply(TestFramework.scala:262)
	at sbt.TestFramework$$anon$2$$anonfun$$lessinit$greater$1.apply(TestFramework.scala:262)
	at sbt.TestFunction.apply(TestFramework.scala:271)
	at sbt.Tests$.$anonfun$toTask$1(Tests.scala:281)
	at sbt.std.Transform$$anon$3.$anonfun$apply$2(System.scala:46)
	at sbt.std.Transform$$anon$4.work(System.scala:66)
	at sbt.Execute.$anonfun$submit$2(Execute.scala:262)
	at sbt.internal.util.ErrorHandling$.wideConvert(ErrorHandling.scala:16)
	at sbt.Execute.work(Execute.scala:271)
	at sbt.Execute.$anonfun$submit$1(Execute.scala:262)
	at sbt.ConcurrentRestrictions$$anon$4.$anonfun$submitValid$1(ConcurrentRestrictions.scala:174)
	at sbt.CompletionService$$anon$2.call(CompletionService.scala:36)
	at java.util.concurrent.FutureTask.run(FutureTask.java:266)
	at java.util.concurrent.Executors$RunnableAdapter.call(Executors.java:511)
	at java.util.concurrent.FutureTask.run(FutureTask.java:266)
	at java.util.concurrent.ThreadPoolExecutor.runWorker(ThreadPoolExecutor.java:1149)
	at java.util.concurrent.ThreadPoolExecutor$Worker.run(ThreadPoolExecutor.java:624)
	at java.lang.Thread.run(Thread.java:748)
</failure>
                                               </testcase>
                     <system-out><![CDATA[]]></system-out>
                     <system-err><![CDATA[]]></system-err>
                   </testsuite>